[25-Apr-2022 14:12:08 UTC] PHP Fatal error:  Uncaught TypeError: Unsupported operand types: string / string in C:\xampp\htdocs\moove\wp-content\plugins\photo-gallery\filemanager\UploadHandler.php:1170
Stack trace:
#0 C:\xampp\htdocs\moove\wp-content\plugins\photo-gallery\filemanager\UploadHandler.php(1141): bwg_upl->calc_thumb_resolution('', '', '478', '598')
#1 C:\xampp\htdocs\moove\wp-content\plugins\photo-gallery\filemanager\UploadHandler.php(990): bwg_upl->set_file_info(Object(stdClass))
#2 C:\xampp\htdocs\moove\wp-content\plugins\photo-gallery\filemanager\UploadHandler.php(151): bwg_upl->post()
#3 C:\xampp\htdocs\moove\wp-content\plugins\photo-gallery\filemanager\UploadHandler.php(135): bwg_upl->initialize()
#4 C:\xampp\htdocs\moove\wp-content\plugins\photo-gallery\filemanager\UploadHandler.php(26): bwg_upl->__construct(Array)
#5 C:\xampp\htdocs\moove\wp-content\plugins\photo-gallery\photo-gallery.php(977): require_once('C:\\xampp\\htdocs...')
#6 C:\xampp\htdocs\moove\wp-includes\class-wp-hook.php(307): BWG->bwg_upl('')
#7 C:\xampp\htdocs\moove\wp-includes\class-wp-hook.php(331): WP_Hook->apply_filters('', Array)
#8 C:\xampp\htdocs\moove\wp-includes\plugin.php(474): WP_Hook->do_action(Array)
#9 C:\xampp\htdocs\moove\wp-admin\admin-ajax.php(187): do_action('wp_ajax_bwg_upl')
#10 {main}
  thrown in C:\xampp\htdocs\moove\wp-content\plugins\photo-gallery\filemanager\UploadHandler.php on line 1170
[25-Apr-2022 14:13:39 UTC] PHP Fatal error:  Uncaught Error: Call to undefined function imagecreatefromjpeg() in C:\xampp\htdocs\moove\wp-content\plugins\photo-gallery\filemanager\UploadHandler.php:470
Stack trace:
#0 C:\xampp\htdocs\moove\wp-content\plugins\photo-gallery\filemanager\UploadHandler.php(508): bwg_upl->orient_image(Object(stdClass))
#1 C:\xampp\htdocs\moove\wp-content\plugins\photo-gallery\filemanager\UploadHandler.php(700): bwg_upl->handle_image_file('C:\\xampp\\htdocs...', Object(stdClass))
#2 C:\xampp\htdocs\moove\wp-content\plugins\photo-gallery\filemanager\UploadHandler.php(987): bwg_upl->handle_file_import('2022/04/img3_ex...', 'img3_explora.jp...')
#3 C:\xampp\htdocs\moove\wp-content\plugins\photo-gallery\filemanager\UploadHandler.php(151): bwg_upl->post()
#4 C:\xampp\htdocs\moove\wp-content\plugins\photo-gallery\filemanager\UploadHandler.php(135): bwg_upl->initialize()
#5 C:\xampp\htdocs\moove\wp-content\plugins\photo-gallery\filemanager\UploadHandler.php(26): bwg_upl->__construct(Array)
#6 C:\xampp\htdocs\moove\wp-content\plugins\photo-gallery\photo-gallery.php(977): require_once('C:\\xampp\\htdocs...')
#7 C:\xampp\htdocs\moove\wp-includes\class-wp-hook.php(307): BWG->bwg_upl('')
#8 C:\xampp\htdocs\moove\wp-includes\class-wp-hook.php(331): WP_Hook->apply_filters('', Array)
#9 C:\xampp\htdocs\moove\wp-includes\plugin.php(474): WP_Hook->do_action(Array)
#10 C:\xampp\htdocs\moove\wp-admin\admin-ajax.php(187): do_action('wp_ajax_bwg_upl')
#11 {main}
  thrown in C:\xampp\htdocs\moove\wp-content\plugins\photo-gallery\filemanager\UploadHandler.php on line 470
[26-Apr-2022 09:19:49 UTC] PHP Warning:  foreach() argument must be of type array|object, bool given in C:\xampp\htdocs\moove\wp-content\themes\understrap-child-1.1.0\single-viajes.php on line 273
